<?xml version="1.0" encoding="UTF-8"?>
<!-- Generated by org.testng.reporters.JUnitReportReporter -->
<testsuite hostname="DESKTOP-93MQRSR" failures="0" tests="1" name="redeallogin.Login" time="5.076" errors="0" timestamp="2021-07-30T13:55:04 IST" skipped="0">
  <testcase classname="redeallogin.Login" name="Logintest" time="5.076"/>
  <system-out/>
</testsuite> <!-- redeallogin.Login -->
